2021-12-25 00:20:20,532 INFO o.a.j.u.JMeterUtils: Setting Locale to en_EN
2021-12-25 00:20:20,552 INFO o.a.j.JMeter: Loading user properties from: E:\ROAD TO SDET CLASS MATERIAL\apache-jmeter-5.4.2\bin\user.properties
2021-12-25 00:20:20,553 INFO o.a.j.JMeter: Loading system properties from: E:\ROAD TO SDET CLASS MATERIAL\apache-jmeter-5.4.2\bin\system.properties
2021-12-25 00:20:20,569 INFO o.a.j.JMeter: Copyright (c) 1998-2021 The Apache Software Foundation
2021-12-25 00:20:20,569 INFO o.a.j.JMeter: Version 5.4.2
2021-12-25 00:20:20,569 INFO o.a.j.JMeter: java.version=1.8.0_291
2021-12-25 00:20:20,569 INFO o.a.j.JMeter: java.vm.name=Java HotSpot(TM) 64-Bit Server VM
2021-12-25 00:20:20,570 INFO o.a.j.JMeter: os.name=Windows 10
2021-12-25 00:20:20,570 INFO o.a.j.JMeter: os.arch=amd64
2021-12-25 00:20:20,570 INFO o.a.j.JMeter: os.version=10.0
2021-12-25 00:20:20,570 INFO o.a.j.JMeter: file.encoding=Cp1252
2021-12-25 00:20:20,570 INFO o.a.j.JMeter: java.awt.headless=true
2021-12-25 00:20:20,570 INFO o.a.j.JMeter: Max memory     =1073741824
2021-12-25 00:20:20,570 INFO o.a.j.JMeter: Available Processors =4
2021-12-25 00:20:20,580 INFO o.a.j.JMeter: Default Locale=English (EN)
2021-12-25 00:20:20,580 INFO o.a.j.JMeter: JMeter  Locale=English (EN)
2021-12-25 00:20:20,580 INFO o.a.j.JMeter: JMeterHome=E:\ROAD TO SDET CLASS MATERIAL\apache-jmeter-5.4.2
2021-12-25 00:20:20,581 INFO o.a.j.JMeter: user.dir  =E:\ROAD TO SDET CLASS MATERIAL\apache-jmeter-5.4.2\bin\Apache Jmeter
2021-12-25 00:20:20,581 INFO o.a.j.JMeter: PWD       =E:\ROAD TO SDET CLASS MATERIAL\apache-jmeter-5.4.2\bin\Apache Jmeter
2021-12-25 00:20:20,582 INFO o.a.j.JMeter: IP: 192.168.0.108 Name: DESKTOP-5NILJI3 FullName: DESKTOP-5NILJI3
2021-12-25 00:20:20,588 INFO o.a.j.JMeter: Setting property 'jmeter.reportgenerator.outputdir' to:'E:\ROAD TO SDET CLASS MATERIAL\apache-jmeter-5.4.2\bin\Apache Jmeter\Reports'
2021-12-25 00:20:20,592 INFO o.a.j.s.FileServer: Default base='E:\ROAD TO SDET CLASS MATERIAL\apache-jmeter-5.4.2\bin\Apache Jmeter'
2021-12-25 00:20:20,593 INFO o.a.j.s.FileServer: Set new base='E:\ROAD TO SDET CLASS MATERIAL\apache-jmeter-5.4.2\bin\Apache Jmeter'
2021-12-25 00:20:20,778 INFO o.a.j.s.SaveService: Testplan (JMX) version: 2.2. Testlog (JTL) version: 2.2
2021-12-25 00:20:20,801 INFO o.a.j.s.SaveService: Using SaveService properties file encoding UTF-8
2021-12-25 00:20:20,807 INFO o.a.j.s.SaveService: Using SaveService properties version 5.0
2021-12-25 00:20:20,816 INFO o.a.j.s.SaveService: Loading file: Jmeter.jmx
2021-12-25 00:20:20,884 INFO o.a.j.p.h.s.HTTPSamplerBase: Parser for text/html is org.apache.jmeter.protocol.http.parser.LagartoBasedHtmlParser
2021-12-25 00:20:20,884 INFO o.a.j.p.h.s.HTTPSamplerBase: Parser for application/xhtml+xml is org.apache.jmeter.protocol.http.parser.LagartoBasedHtmlParser
2021-12-25 00:20:20,885 INFO o.a.j.p.h.s.HTTPSamplerBase: Parser for application/xml is org.apache.jmeter.protocol.http.parser.LagartoBasedHtmlParser
2021-12-25 00:20:20,885 INFO o.a.j.p.h.s.HTTPSamplerBase: Parser for text/xml is org.apache.jmeter.protocol.http.parser.LagartoBasedHtmlParser
2021-12-25 00:20:20,885 INFO o.a.j.p.h.s.HTTPSamplerBase: Parser for text/vnd.wap.wml is org.apache.jmeter.protocol.http.parser.RegexpHTMLParser
2021-12-25 00:20:20,885 INFO o.a.j.p.h.s.HTTPSamplerBase: Parser for text/css is org.apache.jmeter.protocol.http.parser.CssParser
2021-12-25 00:20:20,989 INFO o.a.j.JMeter: Creating summariser <summary>
2021-12-25 00:20:20,996 INFO o.a.j.r.d.ReportGenerator: ReportGenerator will use for Parsing the separator: ','
2021-12-25 00:20:20,996 INFO o.a.j.r.d.ReportGenerator: Will generate report at end of test from  results file: log.csv
2021-12-25 00:20:20,996 INFO o.a.j.r.d.ReportGenerator: Reading report generator properties from: E:\ROAD TO SDET CLASS MATERIAL\apache-jmeter-5.4.2\bin\reportgenerator.properties
2021-12-25 00:20:20,997 INFO o.a.j.r.d.ReportGenerator: Merging with JMeter properties
2021-12-25 00:20:21,005 INFO o.a.j.r.c.ReportGeneratorConfiguration: Property 'jmeter.reportgenerator.temp_dir' not found, using default value 'temp' instead.
2021-12-25 00:20:21,009 INFO o.a.j.r.c.ReportGeneratorConfiguration: Property 'jmeter.reportgenerator.apdex_per_transaction' not found, using default value 'null' instead.
2021-12-25 00:20:21,010 INFO o.a.j.r.c.ReportGeneratorConfiguration: apdex_per_transaction is empty, not APDEX per transaction customization
2021-12-25 00:20:21,010 INFO o.a.j.r.c.ReportGeneratorConfiguration: Property 'jmeter.reportgenerator.sample_filter' not found, using default value 'null' instead.
2021-12-25 00:20:21,010 INFO o.a.j.r.c.ReportGeneratorConfiguration: Property 'jmeter.reportgenerator.report_title' not found, using default value 'null' instead.
2021-12-25 00:20:21,010 INFO o.a.j.r.c.ReportGeneratorConfiguration: Property 'jmeter.reportgenerator.start_date' not found, using default value 'null' instead.
2021-12-25 00:20:21,010 INFO o.a.j.r.c.ReportGeneratorConfiguration: Property 'jmeter.reportgenerator.end_date' not found, using default value 'null' instead.
2021-12-25 00:20:21,010 INFO o.a.j.r.c.ReportGeneratorConfiguration: Property 'jmeter.reportgenerator.date_format' not found, using default value 'null' instead.
2021-12-25 00:20:21,011 INFO o.a.j.r.c.ReportGeneratorConfiguration: Will use date range start date: null, end date: null
2021-12-25 00:20:21,017 INFO o.a.j.r.c.ReportGeneratorConfiguration: Property 'jmeter.reportgenerator.graph.totalTPS.exclude_controllers' not found, using default value 'false' instead.
2021-12-25 00:20:21,017 INFO o.a.j.r.c.ReportGeneratorConfiguration: Property 'jmeter.reportgenerator.graph.activeThreadsOverTime.exclude_controllers' not found, using default value 'false' instead.
2021-12-25 00:20:21,018 INFO o.a.j.r.c.ReportGeneratorConfiguration: Property 'jmeter.reportgenerator.graph.timeVsThreads.exclude_controllers' not found, using default value 'false' instead.
2021-12-25 00:20:21,018 INFO o.a.j.r.c.ReportGeneratorConfiguration: Property 'jmeter.reportgenerator.graph.responseTimeDistribution.exclude_controllers' not found, using default value 'false' instead.
2021-12-25 00:20:21,018 INFO o.a.j.r.c.ReportGeneratorConfiguration: Property 'jmeter.reportgenerator.graph.transactionsPerSecond.exclude_controllers' not found, using default value 'false' instead.
2021-12-25 00:20:21,018 INFO o.a.j.r.c.ReportGeneratorConfiguration: Property 'jmeter.reportgenerator.graph.responseTimePercentiles.exclude_controllers' not found, using default value 'false' instead.
2021-12-25 00:20:21,019 INFO o.a.j.r.c.ReportGeneratorConfiguration: Property 'jmeter.reportgenerator.graph.responseTimePercentilesOverTime.exclude_controllers' not found, using default value 'false' instead.
2021-12-25 00:20:21,019 INFO o.a.j.r.c.ReportGeneratorConfiguration: Property 'jmeter.reportgenerator.graph.responseTimesOverTime.exclude_controllers' not found, using default value 'false' instead.
2021-12-25 00:20:21,019 INFO o.a.j.r.c.ReportGeneratorConfiguration: Property 'jmeter.reportgenerator.graph.connectTimeOverTime.exclude_controllers' not found, using default value 'false' instead.
2021-12-25 00:20:21,019 INFO o.a.j.r.c.ReportGeneratorConfiguration: Property 'jmeter.reportgenerator.graph.latenciesOverTime.exclude_controllers' not found, using default value 'false' instead.
2021-12-25 00:20:21,024 INFO o.a.j.r.c.ReportGeneratorConfiguration: Property 'jmeter.reportgenerator.exporter.json.filters_only_sample_series' not found, using default value 'true' instead.
2021-12-25 00:20:21,024 INFO o.a.j.r.c.ReportGeneratorConfiguration: Property 'jmeter.reportgenerator.exporter.json.series_filter' not found, using default value '' instead.
2021-12-25 00:20:21,024 INFO o.a.j.r.c.ReportGeneratorConfiguration: Property 'jmeter.reportgenerator.exporter.json.show_controllers_only' not found, using default value 'false' instead.
2021-12-25 00:20:21,025 INFO o.a.j.r.c.ReportGeneratorConfiguration: Property 'jmeter.reportgenerator.exporter.html.filters_only_sample_series' not found, using default value 'true' instead.
2021-12-25 00:20:21,025 INFO o.a.j.r.c.ReportGeneratorConfiguration: Property 'jmeter.reportgenerator.exporter.html.series_filter' not found, using default value '' instead.
2021-12-25 00:20:21,025 INFO o.a.j.r.c.ReportGeneratorConfiguration: Property 'jmeter.reportgenerator.exporter.html.show_controllers_only' not found, using default value 'false' instead.
2021-12-25 00:20:21,032 INFO o.a.j.e.StandardJMeterEngine: Running the test!
2021-12-25 00:20:21,033 INFO o.a.j.s.SampleEvent: List of sample_variables: []
2021-12-25 00:20:21,033 INFO o.a.j.s.SampleEvent: List of sample_variables: []
2021-12-25 00:20:21,040 INFO o.a.j.e.u.CompoundVariable: Note: Function class names must contain the string: '.functions.'
2021-12-25 00:20:21,040 INFO o.a.j.e.u.CompoundVariable: Note: Function class names must not contain the string: '.gui.'
2021-12-25 00:20:21,799 INFO o.a.j.JMeter: Running test (1640370021799)
2021-12-25 00:20:21,852 INFO o.a.j.e.StandardJMeterEngine: Starting ThreadGroup: 1 : Thread Group
2021-12-25 00:20:21,853 INFO o.a.j.e.StandardJMeterEngine: Starting 10 threads for group Thread Group.
2021-12-25 00:20:21,853 INFO o.a.j.e.StandardJMeterEngine: Thread will continue on error
2021-12-25 00:20:21,853 INFO o.a.j.t.ThreadGroup: Starting thread group... number=1 threads=10 ramp-up=1 delayedStart=false
2021-12-25 00:20:21,868 INFO o.a.j.t.JMeterThread: Thread started: Thread Group 1-1
2021-12-25 00:20:21,874 INFO o.a.j.t.ThreadGroup: Started thread group number 1
2021-12-25 00:20:21,875 INFO o.a.j.e.StandardJMeterEngine: All thread groups have been started
2021-12-25 00:20:21,934 INFO o.a.j.p.h.s.HTTPHCAbstractImpl: Local host = DESKTOP-5NILJI3
2021-12-25 00:20:21,942 INFO o.a.j.p.h.s.HTTPHC4Impl: HTTP request retry count = 0
2021-12-25 00:20:21,944 INFO o.a.j.s.SampleResult: Note: Sample TimeStamps are START times
2021-12-25 00:20:21,944 INFO o.a.j.s.SampleResult: sampleresult.default.encoding is set to ISO-8859-1
2021-12-25 00:20:21,944 INFO o.a.j.s.SampleResult: sampleresult.useNanoTime=true
2021-12-25 00:20:21,945 INFO o.a.j.s.SampleResult: sampleresult.nanoThreadSleep=5000
2021-12-25 00:20:21,973 INFO o.a.j.t.JMeterThread: Thread started: Thread Group 1-2
2021-12-25 00:20:22,072 INFO o.a.j.t.JMeterThread: Thread started: Thread Group 1-3
2021-12-25 00:20:22,170 INFO o.a.j.t.JMeterThread: Thread started: Thread Group 1-4
2021-12-25 00:20:22,247 INFO o.a.j.p.h.s.h.LazyLayeredConnectionSocketFactory: Setting up HTTPS TrustAll Socket Factory
2021-12-25 00:20:22,258 INFO o.a.j.u.JsseSSLManager: Using default SSL protocol: TLS
2021-12-25 00:20:22,258 INFO o.a.j.u.JsseSSLManager: SSL session context: per-thread
2021-12-25 00:20:22,265 INFO o.a.j.t.JMeterThread: Thread started: Thread Group 1-5
2021-12-25 00:20:22,398 INFO o.a.j.t.JMeterThread: Thread started: Thread Group 1-6
2021-12-25 00:20:22,498 INFO o.a.j.t.JMeterThread: Thread started: Thread Group 1-7
2021-12-25 00:20:22,597 INFO o.a.j.t.JMeterThread: Thread started: Thread Group 1-8
2021-12-25 00:20:22,695 INFO o.a.j.t.JMeterThread: Thread started: Thread Group 1-9
2021-12-25 00:20:22,794 INFO o.a.j.t.JMeterThread: Thread started: Thread Group 1-10
2021-12-25 00:20:23,130 INFO o.a.j.u.SSLManager: JmeterKeyStore Location:  type JKS
2021-12-25 00:20:23,133 INFO o.a.j.u.SSLManager: KeyStore created OK
2021-12-25 00:20:23,133 WARN o.a.j.u.SSLManager: Keystore file not found, loading empty keystore
2021-12-25 00:20:25,877 INFO o.a.j.m.J.JSR223 PreProcessor: ----- Calling user info generating API -----
2021-12-25 00:20:25,877 INFO o.a.j.m.J.JSR223 PreProcessor: ----- Calling user info generating API -----
2021-12-25 00:20:25,877 INFO o.a.j.m.J.JSR223 PreProcessor: ----- Calling user info generating API -----
2021-12-25 00:20:25,877 INFO o.a.j.m.J.JSR223 PreProcessor: ----- Calling user info generating API -----
2021-12-25 00:20:25,877 INFO o.a.j.m.J.JSR223 PreProcessor: ----- Calling user info generating API -----
2021-12-25 00:20:25,878 INFO o.a.j.m.J.JSR223 PreProcessor: ----- Calling user info generating API -----
2021-12-25 00:20:25,878 INFO o.a.j.m.J.JSR223 PreProcessor: ----- Calling user info generating API -----
2021-12-25 00:20:25,878 INFO o.a.j.m.J.JSR223 PreProcessor: ----- Calling user info generating API -----
2021-12-25 00:20:25,878 INFO o.a.j.m.J.JSR223 PreProcessor: ----- Calling user info generating API -----
2021-12-25 00:20:25,879 INFO o.a.j.m.J.JSR223 PreProcessor: ----- Calling user info generating API -----
2021-12-25 00:20:26,658 INFO o.a.j.m.J.JSR223 PreProcessor: ----- Response -----
2021-12-25 00:20:26,659 INFO o.a.j.m.J.JSR223 PreProcessor: ----- Response -----
2021-12-25 00:20:26,659 INFO o.a.j.m.J.JSR223 PreProcessor: <html>
<head>
<title>Uh oh, something bad happened</title>
</head>
<body align='center'>
<h1 align='center'>Uh oh, something bad happened</h1>
<a class="twitter-timeline" data-width="450" data-height="700" data-theme="light" href="https://twitter.com/randomapi">Tweets by randomapi</a> <script async src="//platform.twitter.com/widgets.js" charset="utf-8" type="396688b5bbeb8089524f384e-text/javascript"></script>
<script src="/cdn-cgi/scripts/7d0fa10a/cloudflare-static/rocket-loader.min.js" data-cf-settings="396688b5bbeb8089524f384e-|49" defer=""></script></body>
</html>

2021-12-25 00:20:26,659 INFO o.a.j.m.J.JSR223 PreProcessor: <html>
<head>
<title>Uh oh, something bad happened</title>
</head>
<body align='center'>
<h1 align='center'>Uh oh, something bad happened</h1>
<a class="twitter-timeline" data-width="450" data-height="700" data-theme="light" href="https://twitter.com/randomapi">Tweets by randomapi</a> <script async src="//platform.twitter.com/widgets.js" charset="utf-8" type="1720f007a31c51c5038dc97e-text/javascript"></script>
<script src="/cdn-cgi/scripts/7d0fa10a/cloudflare-static/rocket-loader.min.js" data-cf-settings="1720f007a31c51c5038dc97e-|49" defer=""></script></body>
</html>

2021-12-25 00:20:26,659 INFO o.a.j.m.J.JSR223 PreProcessor: ----- Response -----
2021-12-25 00:20:26,660 INFO o.a.j.m.J.JSR223 PreProcessor: <html>
<head>
<title>Uh oh, something bad happened</title>
</head>
<body align='center'>
<h1 align='center'>Uh oh, something bad happened</h1>
<a class="twitter-timeline" data-width="450" data-height="700" data-theme="light" href="https://twitter.com/randomapi">Tweets by randomapi</a> <script async src="//platform.twitter.com/widgets.js" charset="utf-8" type="5e81793fc4fa2b29ff4d3e3f-text/javascript"></script>
<script src="/cdn-cgi/scripts/7d0fa10a/cloudflare-static/rocket-loader.min.js" data-cf-settings="5e81793fc4fa2b29ff4d3e3f-|49" defer=""></script></body>
</html>

2021-12-25 00:20:26,661 INFO o.a.j.m.J.JSR223 PreProcessor: ----- Response -----
2021-12-25 00:20:26,661 INFO o.a.j.m.J.JSR223 PreProcessor: <html>
<head>
<title>Uh oh, something bad happened</title>
</head>
<body align='center'>
<h1 align='center'>Uh oh, something bad happened</h1>
<a class="twitter-timeline" data-width="450" data-height="700" data-theme="light" href="https://twitter.com/randomapi">Tweets by randomapi</a> <script async src="//platform.twitter.com/widgets.js" charset="utf-8" type="2f5449dd3bea67ae3050dd59-text/javascript"></script>
<script src="/cdn-cgi/scripts/7d0fa10a/cloudflare-static/rocket-loader.min.js" data-cf-settings="2f5449dd3bea67ae3050dd59-|49" defer=""></script></body>
</html>

2021-12-25 00:20:26,674 INFO o.a.j.m.J.JSR223 PreProcessor: ----- Response -----
2021-12-25 00:20:26,674 INFO o.a.j.m.J.JSR223 PreProcessor: {"results":[{"gender":"female","name":{"title":"Miss","first":"Gül","last":"Durak"},"location":{"street":{"number":7884,"name":"?ehitler Cd"},"city":"?stanbul","state":"Bingöl","country":"Turkey","postcode":23576,"coordinates":{"latitude":"75.7105","longitude":"166.0428"},"timezone":{"offset":"+10:00","description":"Eastern Australia, Guam, Vladivostok"}},"email":"gul.durak@example.com","login":{"uuid":"743fc562-2a93-40e5-ad1f-d09777b6af11","username":"yellowsnake104","password":"baker","salt":"PJmc6vk2","md5":"c3a9cb35afbfde521839835e7c8d226c","sha1":"dfa55a3415f5c7c333d05e73121c8459eddcd1a2","sha256":"fde6a91ec6809f056ea208cd7ae72abfcd63a0d281945b5e5015fc498dc7319c"},"dob":{"date":"1977-09-21T18:27:02.655Z","age":44},"registered":{"date":"2010-12-15T03:53:13.316Z","age":11},"phone":"(473)-690-1551","cell":"(301)-090-7110","id":{"name":"","value":null},"picture":{"large":"https://randomuser.me/api/portraits/women/47.jpg","medium":"https://randomuser.me/api/portraits/med/women/47.jpg","thumbnail":"https://randomuser.me/api/portraits/thumb/women/47.jpg"},"nat":"TR"}],"info":{"seed":"855f0e6c057af12f","results":1,"page":1,"version":"1.3"}}
2021-12-25 00:20:26,686 INFO o.a.j.m.J.JSR223 PreProcessor: ----- Response -----
2021-12-25 00:20:26,686 INFO o.a.j.m.J.JSR223 PreProcessor: {"results":[{"gender":"male","name":{"title":"Mr","first":"?????","last":"???????"},"location":{"street":{"number":5709,"name":"???? ?????"},"city":"?????????","state":"???????? ? ????????","country":"Iran","postcode":11743,"coordinates":{"latitude":"33.5386","longitude":"-140.9933"},"timezone":{"offset":"+5:45","description":"Kathmandu"}},"email":"artyn.rdyyn@example.com","login":{"uuid":"03b961e0-259f-4fdc-96eb-6a79c463b08f","username":"tinypanda476","password":"hannah","salt":"jvJ702Wf","md5":"4d28a698ade4338241c2c7ad7882a5f0","sha1":"de97715da87300cf4ed1ba9cba2af51a80687967","sha256":"10fa02f81914629343befbfd60d02fb0e40dce3bf14bde58c968afa9253ffbaf"},"dob":{"date":"1979-11-26T03:42:12.328Z","age":42},"registered":{"date":"2010-01-15T01:54:55.446Z","age":11},"phone":"072-42705915","cell":"0995-643-6605","id":{"name":"","value":null},"picture":{"large":"https://randomuser.me/api/portraits/men/56.jpg","medium":"https://randomuser.me/api/portraits/med/men/56.jpg","thumbnail":"https://randomuser.me/api/portraits/thumb/men/56.jpg"},"nat":"IR"}],"info":{"seed":"a2fcb6b5a618b996","results":1,"page":1,"version":"1.3"}}
2021-12-25 00:20:26,687 INFO o.a.j.m.J.JSR223 PreProcessor: ----- Set to environment variables-----
2021-12-25 00:20:26,687 INFO o.a.j.m.J.JSR223 PreProcessor: ----- Set to environment variables-----
2021-12-25 00:20:26,686 ERROR o.a.j.m.JSR223PreProcessor: Problem in JSR223 script, JSR223 PreProcessor
javax.script.ScriptException: groovy.json.JsonException: Unable to determine the current character, it is not a string, number, array, or object

The current character read is '<' with an int value of 60
Unable to determine the current character, it is not a string, number, array, or object
line number 1
index number 0
<html>
^
	at org.codehaus.groovy.jsr223.GroovyScriptEngineImpl.eval(GroovyScriptEngineImpl.java:320) ~[groovy-jsr223-3.0.7.jar:3.0.7]
	at org.codehaus.groovy.jsr223.GroovyCompiledScript.eval(GroovyCompiledScript.java:71) ~[groovy-jsr223-3.0.7.jar:3.0.7]
	at javax.script.CompiledScript.eval(CompiledScript.java:92) ~[?:1.8.0_291]
	at org.apache.jmeter.util.JSR223TestElement.processFileOrScript(JSR223TestElement.java:217) ~[ApacheJMeter_core.jar:5.4.2]
	at org.apache.jmeter.modifiers.JSR223PreProcessor.process(JSR223PreProcessor.java:45) [ApacheJMeter_components.jar:5.4.2]
	at org.apache.jmeter.threads.JMeterThread.runPreProcessors(JMeterThread.java:965) [ApacheJMeter_core.jar:5.4.2]
	at org.apache.jmeter.threads.JMeterThread.executeSamplePackage(JMeterThread.java:549) [ApacheJMeter_core.jar:5.4.2]
	at org.apache.jmeter.threads.JMeterThread.processSampler(JMeterThread.java:489) [ApacheJMeter_core.jar:5.4.2]
	at org.apache.jmeter.threads.JMeterThread.run(JMeterThread.java:256) [ApacheJMeter_core.jar:5.4.2]
	at java.lang.Thread.run(Thread.java:748) [?:1.8.0_291]
Caused by: groovy.json.JsonException: Unable to determine the current character, it is not a string, number, array, or object

The current character read is '<' with an int value of 60
Unable to determine the current character, it is not a string, number, array, or object
line number 1
index number 0
<html>
^
	at org.apache.groovy.json.internal.JsonParserCharArray.decodeValueInternal(JsonParserCharArray.java:202) ~[groovy-json-3.0.7.jar:3.0.7]
	at org.apache.groovy.json.internal.JsonParserCharArray.decodeValue(JsonParserCharArray.java:153) ~[groovy-json-3.0.7.jar:3.0.7]
	at org.apache.groovy.json.internal.JsonParserCharArray.decodeFromChars(JsonParserCharArray.java:43) ~[groovy-json-3.0.7.jar:3.0.7]
	at org.apache.groovy.json.internal.JsonParserCharArray.parse(JsonParserCharArray.java:380) ~[groovy-json-3.0.7.jar:3.0.7]
	at org.apache.groovy.json.internal.BaseJsonParser.parse(BaseJsonParser.java:113) ~[groovy-json-3.0.7.jar:3.0.7]
	at groovy.json.JsonSlurper.parseText(JsonSlurper.java:204) ~[groovy-json-3.0.7.jar:3.0.7]
	at groovy.json.JsonSlurper$parseText$1.call(Unknown Source) ~[?:?]
	at org.codehaus.groovy.runtime.callsite.CallSiteArray.defaultCall(CallSiteArray.java:47) ~[groovy-3.0.7.jar:3.0.7]
	at org.codehaus.groovy.runtime.callsite.AbstractCallSite.call(AbstractCallSite.java:125) ~[groovy-3.0.7.jar:3.0.7]
	at org.codehaus.groovy.runtime.callsite.AbstractCallSite.call(AbstractCallSite.java:139) ~[groovy-3.0.7.jar:3.0.7]
	at Script1.run(Script1.groovy:15) ~[?:?]
	at org.codehaus.groovy.jsr223.GroovyScriptEngineImpl.eval(GroovyScriptEngineImpl.java:317) ~[groovy-jsr223-3.0.7.jar:3.0.7]
	... 9 more
2021-12-25 00:20:26,686 ERROR o.a.j.m.JSR223PreProcessor: Problem in JSR223 script, JSR223 PreProcessor
javax.script.ScriptException: groovy.json.JsonException: Unable to determine the current character, it is not a string, number, array, or object

The current character read is '<' with an int value of 60
Unable to determine the current character, it is not a string, number, array, or object
line number 1
index number 0
<html>
^
	at org.codehaus.groovy.jsr223.GroovyScriptEngineImpl.eval(GroovyScriptEngineImpl.java:320) ~[groovy-jsr223-3.0.7.jar:3.0.7]
	at org.codehaus.groovy.jsr223.GroovyCompiledScript.eval(GroovyCompiledScript.java:71) ~[groovy-jsr223-3.0.7.jar:3.0.7]
	at javax.script.CompiledScript.eval(CompiledScript.java:92) ~[?:1.8.0_291]
	at org.apache.jmeter.util.JSR223TestElement.processFileOrScript(JSR223TestElement.java:217) ~[ApacheJMeter_core.jar:5.4.2]
	at org.apache.jmeter.modifiers.JSR223PreProcessor.process(JSR223PreProcessor.java:45) [ApacheJMeter_components.jar:5.4.2]
	at org.apache.jmeter.threads.JMeterThread.runPreProcessors(JMeterThread.java:965) [ApacheJMeter_core.jar:5.4.2]
	at org.apache.jmeter.threads.JMeterThread.executeSamplePackage(JMeterThread.java:549) [ApacheJMeter_core.jar:5.4.2]
	at org.apache.jmeter.threads.JMeterThread.processSampler(JMeterThread.java:489) [ApacheJMeter_core.jar:5.4.2]
	at org.apache.jmeter.threads.JMeterThread.run(JMeterThread.java:256) [ApacheJMeter_core.jar:5.4.2]
	at java.lang.Thread.run(Thread.java:748) [?:1.8.0_291]
Caused by: groovy.json.JsonException: Unable to determine the current character, it is not a string, number, array, or object

The current character read is '<' with an int value of 60
Unable to determine the current character, it is not a string, number, array, or object
line number 1
index number 0
<html>
^
	at org.apache.groovy.json.internal.JsonParserCharArray.decodeValueInternal(JsonParserCharArray.java:202) ~[groovy-json-3.0.7.jar:3.0.7]
	at org.apache.groovy.json.internal.JsonParserCharArray.decodeValue(JsonParserCharArray.java:153) ~[groovy-json-3.0.7.jar:3.0.7]
	at org.apache.groovy.json.internal.JsonParserCharArray.decodeFromChars(JsonParserCharArray.java:43) ~[groovy-json-3.0.7.jar:3.0.7]
	at org.apache.groovy.json.internal.JsonParserCharArray.parse(JsonParserCharArray.java:380) ~[groovy-json-3.0.7.jar:3.0.7]
	at org.apache.groovy.json.internal.BaseJsonParser.parse(BaseJsonParser.java:113) ~[groovy-json-3.0.7.jar:3.0.7]
	at groovy.json.JsonSlurper.parseText(JsonSlurper.java:204) ~[groovy-json-3.0.7.jar:3.0.7]
	at groovy.json.JsonSlurper$parseText$0.call(Unknown Source) ~[?:?]
	at org.codehaus.groovy.runtime.callsite.CallSiteArray.defaultCall(CallSiteArray.java:47) ~[groovy-3.0.7.jar:3.0.7]
	at org.codehaus.groovy.runtime.callsite.AbstractCallSite.call(AbstractCallSite.java:125) ~[groovy-3.0.7.jar:3.0.7]
	at org.codehaus.groovy.runtime.callsite.AbstractCallSite.call(AbstractCallSite.java:139) ~[groovy-3.0.7.jar:3.0.7]
	at Script1.run(Script1.groovy:15) ~[?:?]
	at org.codehaus.groovy.jsr223.GroovyScriptEngineImpl.eval(GroovyScriptEngineImpl.java:317) ~[groovy-jsr223-3.0.7.jar:3.0.7]
	... 9 more
2021-12-25 00:20:26,686 ERROR o.a.j.m.JSR223PreProcessor: Problem in JSR223 script, JSR223 PreProcessor
javax.script.ScriptException: groovy.json.JsonException: Unable to determine the current character, it is not a string, number, array, or object

The current character read is '<' with an int value of 60
Unable to determine the current character, it is not a string, number, array, or object
line number 1
index number 0
<html>
^
	at org.codehaus.groovy.jsr223.GroovyScriptEngineImpl.eval(GroovyScriptEngineImpl.java:320) ~[groovy-jsr223-3.0.7.jar:3.0.7]
	at org.codehaus.groovy.jsr223.GroovyCompiledScript.eval(GroovyCompiledScript.java:71) ~[groovy-jsr223-3.0.7.jar:3.0.7]
	at javax.script.CompiledScript.eval(CompiledScript.java:92) ~[?:1.8.0_291]
	at org.apache.jmeter.util.JSR223TestElement.processFileOrScript(JSR223TestElement.java:217) ~[ApacheJMeter_core.jar:5.4.2]
	at org.apache.jmeter.modifiers.JSR223PreProcessor.process(JSR223PreProcessor.java:45) [ApacheJMeter_components.jar:5.4.2]
	at org.apache.jmeter.threads.JMeterThread.runPreProcessors(JMeterThread.java:965) [ApacheJMeter_core.jar:5.4.2]
	at org.apache.jmeter.threads.JMeterThread.executeSamplePackage(JMeterThread.java:549) [ApacheJMeter_core.jar:5.4.2]
	at org.apache.jmeter.threads.JMeterThread.processSampler(JMeterThread.java:489) [ApacheJMeter_core.jar:5.4.2]
	at org.apache.jmeter.threads.JMeterThread.run(JMeterThread.java:256) [ApacheJMeter_core.jar:5.4.2]
	at java.lang.Thread.run(Thread.java:748) [?:1.8.0_291]
Caused by: groovy.json.JsonException: Unable to determine the current character, it is not a string, number, array, or object

The current character read is '<' with an int value of 60
Unable to determine the current character, it is not a string, number, array, or object
line number 1
index number 0
<html>
^
	at org.apache.groovy.json.internal.JsonParserCharArray.decodeValueInternal(JsonParserCharArray.java:202) ~[groovy-json-3.0.7.jar:3.0.7]
	at org.apache.groovy.json.internal.JsonParserCharArray.decodeValue(JsonParserCharArray.java:153) ~[groovy-json-3.0.7.jar:3.0.7]
	at org.apache.groovy.json.internal.JsonParserCharArray.decodeFromChars(JsonParserCharArray.java:43) ~[groovy-json-3.0.7.jar:3.0.7]
	at org.apache.groovy.json.internal.JsonParserCharArray.parse(JsonParserCharArray.java:380) ~[groovy-json-3.0.7.jar:3.0.7]
	at org.apache.groovy.json.internal.BaseJsonParser.parse(BaseJsonParser.java:113) ~[groovy-json-3.0.7.jar:3.0.7]
	at groovy.json.JsonSlurper.parseText(JsonSlurper.java:204) ~[groovy-json-3.0.7.jar:3.0.7]
	at groovy.json.JsonSlurper$parseText$2.call(Unknown Source) ~[?:?]
	at org.codehaus.groovy.runtime.callsite.CallSiteArray.defaultCall(CallSiteArray.java:47) ~[groovy-3.0.7.jar:3.0.7]
	at org.codehaus.groovy.runtime.callsite.AbstractCallSite.call(AbstractCallSite.java:125) ~[groovy-3.0.7.jar:3.0.7]
	at org.codehaus.groovy.runtime.callsite.AbstractCallSite.call(AbstractCallSite.java:139) ~[groovy-3.0.7.jar:3.0.7]
	at Script1.run(Script1.groovy:15) ~[?:?]
	at org.codehaus.groovy.jsr223.GroovyScriptEngineImpl.eval(GroovyScriptEngineImpl.java:317) ~[groovy-jsr223-3.0.7.jar:3.0.7]
	... 9 more
2021-12-25 00:20:26,685 ERROR o.a.j.m.JSR223PreProcessor: Problem in JSR223 script, JSR223 PreProcessor
javax.script.ScriptException: groovy.json.JsonException: Unable to determine the current character, it is not a string, number, array, or object

The current character read is '<' with an int value of 60
Unable to determine the current character, it is not a string, number, array, or object
line number 1
index number 0
<html>
^
	at org.codehaus.groovy.jsr223.GroovyScriptEngineImpl.eval(GroovyScriptEngineImpl.java:320) ~[groovy-jsr223-3.0.7.jar:3.0.7]
	at org.codehaus.groovy.jsr223.GroovyCompiledScript.eval(GroovyCompiledScript.java:71) ~[groovy-jsr223-3.0.7.jar:3.0.7]
	at javax.script.CompiledScript.eval(CompiledScript.java:92) ~[?:1.8.0_291]
	at org.apache.jmeter.util.JSR223TestElement.processFileOrScript(JSR223TestElement.java:217) ~[ApacheJMeter_core.jar:5.4.2]
	at org.apache.jmeter.modifiers.JSR223PreProcessor.process(JSR223PreProcessor.java:45) [ApacheJMeter_components.jar:5.4.2]
	at org.apache.jmeter.threads.JMeterThread.runPreProcessors(JMeterThread.java:965) [ApacheJMeter_core.jar:5.4.2]
	at org.apache.jmeter.threads.JMeterThread.executeSamplePackage(JMeterThread.java:549) [ApacheJMeter_core.jar:5.4.2]
	at org.apache.jmeter.threads.JMeterThread.processSampler(JMeterThread.java:489) [ApacheJMeter_core.jar:5.4.2]
	at org.apache.jmeter.threads.JMeterThread.run(JMeterThread.java:256) [ApacheJMeter_core.jar:5.4.2]
	at java.lang.Thread.run(Thread.java:748) [?:1.8.0_291]
Caused by: groovy.json.JsonException: Unable to determine the current character, it is not a string, number, array, or object

The current character read is '<' with an int value of 60
Unable to determine the current character, it is not a string, number, array, or object
line number 1
index number 0
<html>
^
	at org.apache.groovy.json.internal.JsonParserCharArray.decodeValueInternal(JsonParserCharArray.java:202) ~[groovy-json-3.0.7.jar:3.0.7]
	at org.apache.groovy.json.internal.JsonParserCharArray.decodeValue(JsonParserCharArray.java:153) ~[groovy-json-3.0.7.jar:3.0.7]
	at org.apache.groovy.json.internal.JsonParserCharArray.decodeFromChars(JsonParserCharArray.java:43) ~[groovy-json-3.0.7.jar:3.0.7]
	at org.apache.groovy.json.internal.JsonParserCharArray.parse(JsonParserCharArray.java:380) ~[groovy-json-3.0.7.jar:3.0.7]
	at org.apache.groovy.json.internal.BaseJsonParser.parse(BaseJsonParser.java:113) ~[groovy-json-3.0.7.jar:3.0.7]
	at groovy.json.JsonSlurper.parseText(JsonSlurper.java:204) ~[groovy-json-3.0.7.jar:3.0.7]
	at groovy.json.JsonSlurper$parseText.call(Unknown Source) ~[?:?]
	at org.codehaus.groovy.runtime.callsite.CallSiteArray.defaultCall(CallSiteArray.java:47) ~[groovy-3.0.7.jar:3.0.7]
	at org.codehaus.groovy.runtime.callsite.AbstractCallSite.call(AbstractCallSite.java:125) ~[groovy-3.0.7.jar:3.0.7]
	at org.codehaus.groovy.runtime.callsite.AbstractCallSite.call(AbstractCallSite.java:139) ~[groovy-3.0.7.jar:3.0.7]
	at Script1.run(Script1.groovy:15) ~[?:?]
	at org.codehaus.groovy.jsr223.GroovyScriptEngineImpl.eval(GroovyScriptEngineImpl.java:317) ~[groovy-jsr223-3.0.7.jar:3.0.7]
	... 9 more
2021-12-25 00:20:26,712 INFO o.a.j.m.J.JSR223 PreProcessor: ----- Response -----
2021-12-25 00:20:26,712 INFO o.a.j.m.J.JSR223 PreProcessor: <html>
<head>
<title>Uh oh, something bad happened</title>
</head>
<body align='center'>
<h1 align='center'>Uh oh, something bad happened</h1>
<a class="twitter-timeline" data-width="450" data-height="700" data-theme="light" href="https://twitter.com/randomapi">Tweets by randomapi</a> <script async src="//platform.twitter.com/widgets.js" charset="utf-8" type="dbda5b36c89c46f7140b158a-text/javascript"></script>
<script src="/cdn-cgi/scripts/7d0fa10a/cloudflare-static/rocket-loader.min.js" data-cf-settings="dbda5b36c89c46f7140b158a-|49" defer=""></script></body>
</html>

2021-12-25 00:20:26,712 ERROR o.a.j.m.JSR223PreProcessor: Problem in JSR223 script, JSR223 PreProcessor
javax.script.ScriptException: groovy.json.JsonException: Unable to determine the current character, it is not a string, number, array, or object

The current character read is '<' with an int value of 60
Unable to determine the current character, it is not a string, number, array, or object
line number 1
index number 0
<html>
^
	at org.codehaus.groovy.jsr223.GroovyScriptEngineImpl.eval(GroovyScriptEngineImpl.java:320) ~[groovy-jsr223-3.0.7.jar:3.0.7]
	at org.codehaus.groovy.jsr223.GroovyCompiledScript.eval(GroovyCompiledScript.java:71) ~[groovy-jsr223-3.0.7.jar:3.0.7]
	at javax.script.CompiledScript.eval(CompiledScript.java:92) ~[?:1.8.0_291]
	at org.apache.jmeter.util.JSR223TestElement.processFileOrScript(JSR223TestElement.java:217) ~[ApacheJMeter_core.jar:5.4.2]
	at org.apache.jmeter.modifiers.JSR223PreProcessor.process(JSR223PreProcessor.java:45) [ApacheJMeter_components.jar:5.4.2]
	at org.apache.jmeter.threads.JMeterThread.runPreProcessors(JMeterThread.java:965) [ApacheJMeter_core.jar:5.4.2]
	at org.apache.jmeter.threads.JMeterThread.executeSamplePackage(JMeterThread.java:549) [ApacheJMeter_core.jar:5.4.2]
	at org.apache.jmeter.threads.JMeterThread.processSampler(JMeterThread.java:489) [ApacheJMeter_core.jar:5.4.2]
	at org.apache.jmeter.threads.JMeterThread.run(JMeterThread.java:256) [ApacheJMeter_core.jar:5.4.2]
	at java.lang.Thread.run(Thread.java:748) [?:1.8.0_291]
Caused by: groovy.json.JsonException: Unable to determine the current character, it is not a string, number, array, or object

The current character read is '<' with an int value of 60
Unable to determine the current character, it is not a string, number, array, or object
line number 1
index number 0
<html>
^
	at org.apache.groovy.json.internal.JsonParserCharArray.decodeValueInternal(JsonParserCharArray.java:202) ~[groovy-json-3.0.7.jar:3.0.7]
	at org.apache.groovy.json.internal.JsonParserCharArray.decodeValue(JsonParserCharArray.java:153) ~[groovy-json-3.0.7.jar:3.0.7]
	at org.apache.groovy.json.internal.JsonParserCharArray.decodeFromChars(JsonParserCharArray.java:43) ~[groovy-json-3.0.7.jar:3.0.7]
	at org.apache.groovy.json.internal.JsonParserCharArray.parse(JsonParserCharArray.java:380) ~[groovy-json-3.0.7.jar:3.0.7]
	at org.apache.groovy.json.internal.BaseJsonParser.parse(BaseJsonParser.java:113) ~[groovy-json-3.0.7.jar:3.0.7]
	at groovy.json.JsonSlurper.parseText(JsonSlurper.java:204) ~[groovy-json-3.0.7.jar:3.0.7]
	at groovy.json.JsonSlurper$parseText.call(Unknown Source) ~[?:?]
	at Script1.run(Script1.groovy:15) ~[?:?]
	at org.codehaus.groovy.jsr223.GroovyScriptEngineImpl.eval(GroovyScriptEngineImpl.java:317) ~[groovy-jsr223-3.0.7.jar:3.0.7]
	... 9 more
2021-12-25 00:20:26,806 INFO o.a.j.m.J.JSR223 PreProcessor: ----- Response -----
2021-12-25 00:20:26,806 INFO o.a.j.m.J.JSR223 PreProcessor: {"results":[{"gender":"male","name":{"title":"Mr","first":"Erik","last":"Rezende"},"location":{"street":{"number":3299,"name":"Rua Duque de Caxias "},"city":"Parnamirim","state":"Amazonas","country":"Brazil","postcode":37100,"coordinates":{"latitude":"-76.0228","longitude":"-9.6542"},"timezone":{"offset":"+6:00","description":"Almaty, Dhaka, Colombo"}},"email":"erik.rezende@example.com","login":{"uuid":"5dc55a24-ea02-47cf-9474-845a42f9c5c8","username":"heavyfish571","password":"daemon","salt":"6QbjBW7x","md5":"e9a28857d8054a5a01a97e4f91c39cba","sha1":"748fd8cb93dedeafb39dcc732ba3cd78fc678478","sha256":"0de6e5e5fbe9928fc804d9a6f21c39af8ba4eaa53ab6948a1e90c34facc0d8f3"},"dob":{"date":"1958-04-13T23:31:23.642Z","age":63},"registered":{"date":"2007-12-05T07:02:32.399Z","age":14},"phone":"(31) 9583-7512","cell":"(02) 8848-8773","id":{"name":"","value":null},"picture":{"large":"https://randomuser.me/api/portraits/men/63.jpg","medium":"https://randomuser.me/api/portraits/med/men/63.jpg","thumbnail":"https://randomuser.me/api/portraits/thumb/men/63.jpg"},"nat":"BR"}],"info":{"seed":"4868ecddff63dc3c","results":1,"page":1,"version":"1.3"}}
2021-12-25 00:20:26,807 INFO o.a.j.m.J.JSR223 PreProcessor: ----- Set to environment variables-----
2021-12-25 00:20:26,917 INFO o.a.j.m.J.JSR223 PreProcessor: ----- Response -----
2021-12-25 00:20:26,918 INFO o.a.j.m.J.JSR223 PreProcessor: {"results":[{"gender":"male","name":{"title":"Monsieur","first":"Renato","last":"Noel"},"location":{"street":{"number":6737,"name":"Rue Louis-Garrand"},"city":"Büren an der Aare","state":"Zug","country":"Switzerland","postcode":5434,"coordinates":{"latitude":"-50.0629","longitude":"-56.7505"},"timezone":{"offset":"+6:00","description":"Almaty, Dhaka, Colombo"}},"email":"renato.noel@example.com","login":{"uuid":"dccae2ea-4886-41c8-950a-796a7124aec9","username":"angrymouse517","password":"froggy","salt":"pGGxeUHu","md5":"b1b567792e278f20e274478d54b20b26","sha1":"c7b84e195725ae1fb3a29c5637e4ec020367e096","sha256":"943d741564e4735947d23eb236910912758883ef7df070100bb1b9ef5ef2801f"},"dob":{"date":"1976-03-29T10:05:46.452Z","age":45},"registered":{"date":"2009-02-03T05:57:00.417Z","age":12},"phone":"075 126 87 63","cell":"075 659 26 88","id":{"name":"AVS","value":"756.2778.9888.15"},"picture":{"large":"https://randomuser.me/api/portraits/men/68.jpg","medium":"https://randomuser.me/api/portraits/med/men/68.jpg","thumbnail":"https://randomuser.me/api/portraits/thumb/men/68.jpg"},"nat":"CH"}],"info":{"seed":"660554379a5466ac","results":1,"page":1,"version":"1.3"}}
2021-12-25 00:20:26,919 INFO o.a.j.m.J.JSR223 PreProcessor: ----- Set to environment variables-----
2021-12-25 00:20:26,988 INFO o.a.j.m.J.JSR223 PreProcessor: ----- Response -----
2021-12-25 00:20:26,988 INFO o.a.j.m.J.JSR223 PreProcessor: {"results":[{"gender":"male","name":{"title":"Mr","first":"Nihal","last":"Tahincio?lu"},"location":{"street":{"number":4138,"name":"Mevlana Cd"},"city":"Kilis","state":"Elaz??","country":"Turkey","postcode":63741,"coordinates":{"latitude":"79.0809","longitude":"-27.2395"},"timezone":{"offset":"+8:00","description":"Beijing, Perth, Singapore, Hong Kong"}},"email":"nihal.tahincioglu@example.com","login":{"uuid":"cbd6ef49-76de-4a57-9e2d-040e14746e27","username":"bluesnake152","password":"tractor","salt":"DyY6QuEd","md5":"cf0cda1368e9542cf097d3b72a410e68","sha1":"68bb0d82fe24872384a957f45478fb4e1b7e18b4","sha256":"01d15f74579741dc54cdb89c4d893f21ddcb9219a7833a34a83216f007883887"},"dob":{"date":"1958-10-10T00:39:43.242Z","age":63},"registered":{"date":"2003-03-29T22:12:18.890Z","age":18},"phone":"(124)-248-1454","cell":"(733)-534-7128","id":{"name":"","value":null},"picture":{"large":"https://randomuser.me/api/portraits/men/89.jpg","medium":"https://randomuser.me/api/portraits/med/men/89.jpg","thumbnail":"https://randomuser.me/api/portraits/thumb/men/89.jpg"},"nat":"TR"}],"info":{"seed":"00026fe417f31515","results":1,"page":1,"version":"1.3"}}
2021-12-25 00:20:26,989 INFO o.a.j.m.J.JSR223 PreProcessor: ----- Set to environment variables-----
2021-12-25 00:20:27,006 INFO o.a.j.t.JMeterThread: Thread is done: Thread Group 1-9
2021-12-25 00:20:27,006 INFO o.a.j.t.JMeterThread: Thread finished: Thread Group 1-9
2021-12-25 00:20:27,010 INFO o.a.j.t.JMeterThread: Thread is done: Thread Group 1-6
2021-12-25 00:20:27,011 INFO o.a.j.t.JMeterThread: Thread finished: Thread Group 1-6
2021-12-25 00:20:27,009 INFO o.a.j.t.JMeterThread: Thread is done: Thread Group 1-4
2021-12-25 00:20:27,011 INFO o.a.j.t.JMeterThread: Thread finished: Thread Group 1-4
2021-12-25 00:20:27,015 INFO o.a.j.t.JMeterThread: Thread is done: Thread Group 1-1
2021-12-25 00:20:27,015 INFO o.a.j.t.JMeterThread: Thread finished: Thread Group 1-1
2021-12-25 00:20:28,052 INFO o.a.j.t.JMeterThread: Thread is done: Thread Group 1-3
2021-12-25 00:20:28,052 INFO o.a.j.t.JMeterThread: Thread finished: Thread Group 1-3
2021-12-25 00:20:30,128 INFO o.a.j.r.Summariser: summary +     16 in 00:00:08 =    1.9/s Avg:  1836 Min:   303 Max:  3315 Err:     2 (12.50%) Active: 5 Started: 10 Finished: 5
2021-12-25 00:20:30,128 INFO o.a.j.t.JMeterThread: Thread is done: Thread Group 1-8
2021-12-25 00:20:30,129 INFO o.a.j.t.JMeterThread: Thread finished: Thread Group 1-8
2021-12-25 00:20:31,057 INFO o.a.j.t.JMeterThread: Thread is done: Thread Group 1-2
2021-12-25 00:20:31,058 INFO o.a.j.t.JMeterThread: Thread finished: Thread Group 1-2
2021-12-25 00:20:32,072 INFO o.a.j.t.JMeterThread: Thread is done: Thread Group 1-10
2021-12-25 00:20:32,072 INFO o.a.j.t.JMeterThread: Thread finished: Thread Group 1-10
2021-12-25 00:20:33,234 INFO o.a.j.t.JMeterThread: Thread is done: Thread Group 1-5
2021-12-25 00:20:33,234 INFO o.a.j.t.JMeterThread: Thread finished: Thread Group 1-5
2021-12-25 00:20:38,337 INFO o.a.j.t.JMeterThread: Thread is done: Thread Group 1-7
2021-12-25 00:20:38,338 INFO o.a.j.t.JMeterThread: Thread finished: Thread Group 1-7
2021-12-25 00:20:38,339 INFO o.a.j.e.StandardJMeterEngine: Notifying test listeners of end of test
2021-12-25 00:20:38,341 INFO o.a.j.r.Summariser: summary +      4 in 00:00:08 =    0.5/s Avg:  6836 Min:  4342 Max: 11347 Err:     0 (0.00%) Active: 0 Started: 10 Finished: 10
2021-12-25 00:20:38,342 INFO o.a.j.r.Summariser: summary =     20 in 00:00:17 =    1.2/s Avg:  2836 Min:   303 Max: 11347 Err:     2 (10.00%)
2021-12-25 00:20:38,343 INFO o.a.j.JMeter: Generating Dashboard
2021-12-25 00:20:38,344 INFO o.a.j.r.d.ReportGenerator: Flushing result collector before report Generation
2021-12-25 00:20:38,398 INFO o.a.j.r.p.NormalizerSampleConsumer: Using format, 'ms', to parse timeStamp field
2021-12-25 00:20:38,560 INFO o.a.j.r.p.AbstractSampleConsumer: class org.apache.jmeter.report.processor.AggregateConsumer#stopProducing(): beginDate produced 0 samples
2021-12-25 00:20:38,560 INFO o.a.j.r.p.AbstractSampleConsumer: class org.apache.jmeter.report.processor.AggregateConsumer#stopProducing(): endDate produced 0 samples
2021-12-25 00:20:38,564 INFO o.a.j.r.p.AbstractSampleConsumer: class org.apache.jmeter.report.processor.ApdexSummaryConsumer#stopProducing(): apdexSummary produced 0 samples
2021-12-25 00:20:38,565 INFO o.a.j.r.p.AbstractSampleConsumer: class org.apache.jmeter.report.processor.RequestsSummaryConsumer#stopProducing(): requestsSummary produced 0 samples
2021-12-25 00:20:38,574 INFO o.a.j.r.p.AbstractSampleConsumer: class org.apache.jmeter.report.processor.StatisticsSummaryConsumer#stopProducing(): statisticsSummary produced 0 samples
2021-12-25 00:20:38,579 INFO o.a.j.r.p.AbstractSampleConsumer: class org.apache.jmeter.report.processor.Top5ErrorsBySamplerConsumer#stopProducing(): top5ErrorsBySampler produced 0 samples
2021-12-25 00:20:38,579 INFO o.a.j.r.p.AbstractSampleConsumer: class org.apache.jmeter.report.processor.ErrorsSummaryConsumer#stopProducing(): errorsSummary produced 0 samples
2021-12-25 00:20:38,579 INFO o.a.j.r.p.AbstractSampleConsumer: class org.apache.jmeter.report.processor.graph.impl.HitsPerSecondGraphConsumer#stopProducing(): hitsPerSecond produced 0 samples
2021-12-25 00:20:38,607 INFO o.a.j.r.p.AbstractSampleConsumer: class org.apache.jmeter.report.processor.graph.impl.LatencyVSRequestGraphConsumer#stopProducing(): latencyVsRequest produced 0 samples
2021-12-25 00:20:38,607 INFO o.a.j.r.p.AbstractSampleConsumer: class org.apache.jmeter.report.processor.graph.impl.SyntheticResponseTimeDistributionGraphConsumer#stopProducing(): syntheticResponseTimeDistribution produced 0 samples
2021-12-25 00:20:38,608 INFO o.a.j.r.p.AbstractSampleConsumer: class org.apache.jmeter.report.processor.graph.impl.BytesThroughputGraphConsumer#stopProducing(): bytesThroughputOverTime produced 0 samples
2021-12-25 00:20:38,608 INFO o.a.j.r.p.AbstractSampleConsumer: class org.apache.jmeter.report.processor.graph.impl.CodesPerSecondGraphConsumer#stopProducing(): codesPerSecond produced 0 samples
2021-12-25 00:20:38,615 INFO o.a.j.r.p.AbstractSampleConsumer: class org.apache.jmeter.report.processor.graph.impl.ResponseTimeVSRequestGraphConsumer#stopProducing(): responseTimeVsRequest produced 0 samples
2021-12-25 00:20:38,616 INFO o.a.j.r.p.AbstractSampleConsumer: class org.apache.jmeter.report.processor.FilterConsumer#stopProducing(): startIntervalControlerFilter produced 140 samples
2021-12-25 00:20:38,616 INFO o.a.j.r.p.AbstractSampleConsumer: class org.apache.jmeter.report.processor.graph.impl.TotalTPSGraphConsumer#stopProducing(): totalTPS produced 0 samples
2021-12-25 00:20:38,616 INFO o.a.j.r.p.AbstractSampleConsumer: class org.apache.jmeter.report.processor.graph.impl.ActiveThreadsGraphConsumer#stopProducing(): activeThreadsOverTime produced 0 samples
2021-12-25 00:20:38,616 INFO o.a.j.r.p.AbstractSampleConsumer: class org.apache.jmeter.report.processor.graph.impl.TimeVSThreadGraphConsumer#stopProducing(): timeVsThreads produced 0 samples
2021-12-25 00:20:38,617 INFO o.a.j.r.p.AbstractSampleConsumer: class org.apache.jmeter.report.processor.graph.impl.ResponseTimeDistributionGraphConsumer#stopProducing(): responseTimeDistribution produced 0 samples
2021-12-25 00:20:38,617 INFO o.a.j.r.p.AbstractSampleConsumer: class org.apache.jmeter.report.processor.graph.impl.TransactionsPerSecondGraphConsumer#stopProducing(): transactionsPerSecond produced 0 samples
2021-12-25 00:20:38,617 INFO o.a.j.r.p.AbstractSampleConsumer: class org.apache.jmeter.report.processor.graph.impl.ResponseTimePercentilesGraphConsumer#stopProducing(): responseTimePercentiles produced 0 samples
2021-12-25 00:20:38,618 INFO o.a.j.r.p.AbstractSampleConsumer: class org.apache.jmeter.report.processor.graph.impl.ResponseTimePercentilesOverTimeGraphConsumer#stopProducing(): responseTimePercentilesOverTime produced 0 samples
2021-12-25 00:20:38,619 INFO o.a.j.r.p.AbstractSampleConsumer: class org.apache.jmeter.report.processor.graph.impl.ResponseTimeOverTimeGraphConsumer#stopProducing(): responseTimesOverTime produced 0 samples
2021-12-25 00:20:38,619 INFO o.a.j.r.p.AbstractSampleConsumer: class org.apache.jmeter.report.processor.graph.impl.ConnectTimeOverTimeGraphConsumer#stopProducing(): connectTimeOverTime produced 0 samples
2021-12-25 00:20:38,619 INFO o.a.j.r.p.AbstractSampleConsumer: class org.apache.jmeter.report.processor.graph.impl.LatencyOverTimeGraphConsumer#stopProducing(): latenciesOverTime produced 0 samples
2021-12-25 00:20:38,620 INFO o.a.j.r.p.AbstractSampleConsumer: class org.apache.jmeter.report.processor.FilterConsumer#stopProducing(): nameFilter produced 300 samples
2021-12-25 00:20:38,620 INFO o.a.j.r.p.AbstractSampleConsumer: class org.apache.jmeter.report.processor.FilterConsumer#stopProducing(): dateRangeFilter produced 60 samples
2021-12-25 00:20:38,620 INFO o.a.j.r.p.AbstractSampleConsumer: class org.apache.jmeter.report.processor.NormalizerSampleConsumer#stopProducing(): normalizer produced 20 samples
2021-12-25 00:20:38,621 INFO o.a.j.r.p.CsvFileSampleSource: produce(): 20 samples produced in 176ms on channel 0
2021-12-25 00:20:38,621 INFO o.a.j.r.d.ReportGenerator: Exporting data using exporter:'json' of className:'org.apache.jmeter.report.dashboard.JsonExporter'
2021-12-25 00:20:38,848 INFO o.a.j.r.d.JsonExporter: Found data for consumer statisticsSummary in context
2021-12-25 00:20:38,848 INFO o.a.j.r.d.JsonExporter: Creating statistics for overall
2021-12-25 00:20:38,849 INFO o.a.j.r.d.JsonExporter: Creating statistics for other transactions
2021-12-25 00:20:38,849 INFO o.a.j.r.d.JsonExporter: Checking output folder
2021-12-25 00:20:38,850 INFO o.a.j.r.d.JsonExporter: Writing statistics JSON to E:\ROAD TO SDET CLASS MATERIAL\apache-jmeter-5.4.2\bin\Apache Jmeter\Reports\statistics.json
2021-12-25 00:20:38,911 INFO o.a.j.r.d.ReportGenerator: Exporting data using exporter:'html' of className:'org.apache.jmeter.report.dashboard.HtmlTemplateExporter'
2021-12-25 00:20:38,917 INFO o.a.j.r.d.HtmlTemplateExporter: Will generate dashboard in folder: E:\ROAD TO SDET CLASS MATERIAL\apache-jmeter-5.4.2\bin\Apache Jmeter\Reports
2021-12-25 00:20:39,067 INFO o.a.j.r.d.HtmlTemplateExporter: Report will be generated in: E:\ROAD TO SDET CLASS MATERIAL\apache-jmeter-5.4.2\bin\Apache Jmeter\Reports, creating folder structure
2021-12-25 00:20:39,071 INFO o.a.j.r.d.TemplateVisitor: Copying folder from 'E:\ROAD TO SDET CLASS MATERIAL\apache-jmeter-5.4.2\bin\report-template' to 'E:\ROAD TO SDET CLASS MATERIAL\apache-jmeter-5.4.2\bin\Apache Jmeter\Reports', got message: E:\ROAD TO SDET CLASS MATERIAL\apache-jmeter-5.4.2\bin\Apache Jmeter\Reports, found non empty folder with following content [E:\ROAD TO SDET CLASS MATERIAL\apache-jmeter-5.4.2\bin\Apache Jmeter\Reports\statistics.json], will be ignored
2021-12-25 00:20:39,826 INFO o.a.j.JMeter: Dashboard generated
